mode: set
project-fa/services/auth_service.go:20.89,24.2 1 0
project-fa/services/auth_service.go:26.120,28.27 1 0
project-fa/services/auth_service.go:32.2,33.16 2 0
project-fa/services/auth_service.go:37.2,37.63 1 0
project-fa/services/auth_service.go:41.2,42.16 2 0
project-fa/services/auth_service.go:46.2,51.27 2 0
project-fa/services/auth_service.go:28.27,30.3 1 0
project-fa/services/auth_service.go:33.16,35.3 1 0
project-fa/services/auth_service.go:37.63,39.3 1 0
project-fa/services/auth_service.go:42.16,44.3 1 0
project-fa/services/user_service.go:24.89,28.2 1 1
project-fa/services/user_service.go:30.96,32.28 1 1
project-fa/services/user_service.go:36.2,36.25 1 1
project-fa/services/user_service.go:40.2,40.31 1 1
project-fa/services/user_service.go:44.2,44.22 1 1
project-fa/services/user_service.go:48.2,48.28 1 1
project-fa/services/user_service.go:53.2,54.20 2 1
project-fa/services/user_service.go:58.2,61.12 3 1
project-fa/services/user_service.go:32.28,34.3 1 1
project-fa/services/user_service.go:36.25,38.3 1 0
project-fa/services/user_service.go:40.31,42.3 1 0
project-fa/services/user_service.go:44.22,46.3 1 0
project-fa/services/user_service.go:48.28,50.3 1 0
project-fa/services/user_service.go:54.20,56.3 1 0
project-fa/services/user_service.go:64.98,78.2 3 0
project-fa/services/user_service.go:80.87,83.2 2 0
project-fa/services/user_service.go:85.75,88.2 2 0
project-fa/services/user_service.go:90.135,92.16 2 1
project-fa/services/user_service.go:96.2,96.31 1 1
project-fa/services/user_service.go:100.2,100.28 1 1
project-fa/services/user_service.go:104.2,104.31 1 1
project-fa/services/user_service.go:108.2,108.34 1 1
project-fa/services/user_service.go:112.2,112.25 1 1
project-fa/services/user_service.go:116.2,134.28 7 1
project-fa/services/user_service.go:92.16,94.3 1 0
project-fa/services/user_service.go:96.31,98.3 1 1
project-fa/services/user_service.go:100.28,102.3 1 1
project-fa/services/user_service.go:104.31,106.3 1 0
project-fa/services/user_service.go:108.34,110.3 1 0
project-fa/services/user_service.go:112.25,114.3 1 0
